TN:
SF:src/cli.ts
FN:10,getVersion
FN:23,cli
FN:47,(anonymous_2)
FNF:3
FNH:1
FNDA:1,getVersion
FNDA:0,cli
FNDA:0,(anonymous_2)
DA:11,1
DA:12,1
DA:13,1
DA:14,1
DA:16,0
DA:20,1
DA:21,1
DA:24,0
DA:26,0
DA:48,0
DA:49,0
DA:53,0
DA:54,0
DA:55,0
DA:56,0
DA:58,0
LF:16
LH:6
BRDA:14,0,0,1
BRDA:14,0,1,0
BRDA:48,1,0,0
BRDA:48,1,1,0
BRF:4
BRH:1
end_of_record
TN:
SF:src/commands/init.ts
FN:17,(anonymous_0)
FN:112,checkForUpdate
FN:130,(anonymous_2)
FNF:3
FNH:1
FNDA:0,(anonymous_0)
FNDA:0,checkForUpdate
FNDA:9,(anonymous_2)
DA:11,2
DA:18,0
DA:113,0
DA:114,0
DA:115,0
DA:116,0
DA:117,0
DA:118,0
DA:124,0
DA:127,2
DA:131,9
DA:132,0
DA:133,0
DA:134,0
DA:137,0
DA:141,9
DA:143,9
DA:144,9
DA:145,9
DA:146,9
DA:148,9
DA:150,9
DA:151,9
DA:153,0
DA:154,0
DA:157,9
DA:158,0
DA:166,0
DA:167,0
DA:168,0
DA:172,9
DA:173,9
DA:175,9
DA:177,9
DA:206,9
DA:208,9
DA:209,9
DA:213,9
DA:214,9
DA:216,9
DA:217,9
DA:219,9
DA:220,9
DA:221,9
DA:222,9
DA:223,9
DA:224,9
DA:225,9
DA:226,9
DA:227,9
DA:228,9
DA:229,9
DA:230,9
DA:231,9
DA:232,9
DA:233,9
LF:56
LH:38
BRDA:18,0,0,0
BRDA:18,0,1,0
BRDA:115,1,0,0
BRDA:115,1,1,0
BRDA:117,2,0,0
BRDA:117,2,1,0
BRDA:117,3,0,0
BRDA:117,3,1,0
BRDA:130,4,0,9
BRDA:131,5,0,0
BRDA:131,5,1,9
BRDA:133,6,0,0
BRDA:133,6,1,0
BRDA:157,7,0,0
BRDA:157,7,1,9
BRDA:157,8,0,9
BRDA:157,8,1,8
BRDA:166,9,0,0
BRDA:166,9,1,0
BRDA:226,10,0,8
BRDA:226,10,1,1
BRDA:227,11,0,9
BRDA:227,11,1,0
BRDA:229,12,0,1
BRDA:229,12,1,8
BRDA:230,13,0,9
BRDA:230,13,1,0
BRDA:231,14,0,9
BRDA:231,14,1,0
BRDA:232,15,0,0
BRDA:232,15,1,9
BRF:31
BRH:13
end_of_record
TN:
SF:src/commands/upgrade.ts
FN:18,(anonymous_0)
FN:63,(anonymous_1)
FNF:2
FNH:0
FNDA:0,(anonymous_0)
FNDA:0,(anonymous_1)
DA:5,1
DA:15,1
DA:19,0
DA:21,0
DA:22,0
DA:24,0
DA:25,0
DA:26,0
DA:27,0
DA:31,0
DA:32,0
DA:35,0
DA:38,0
DA:39,0
DA:40,0
DA:43,0
DA:53,0
DA:54,0
DA:55,0
DA:58,0
DA:63,0
DA:71,0
DA:72,0
DA:73,0
DA:76,0
DA:77,0
DA:80,0
DA:83,0
LF:28
LH:2
BRDA:26,0,0,0
BRDA:26,0,1,0
BRDA:31,1,0,0
BRDA:31,1,1,0
BRDA:53,2,0,0
BRDA:53,2,1,0
BRDA:71,3,0,0
BRDA:71,3,1,0
BRF:8
BRH:0
end_of_record
TN:
SF:src/config/versions.ts
FN:53,version
FNF:1
FNH:1
FNDA:34,version
DA:1,1
DA:54,34
LF:2
LH:2
BRF:0
BRH:0
end_of_record
TN:
SF:src/generators/backend.ts
FN:5,generateBackend
FNF:1
FNH:1
FNDA:118,generateBackend
DA:6,118
DA:7,118
DA:9,118
DA:10,118
DA:12,118
DA:100,118
DA:102,118
DA:115,118
DA:116,46
DA:117,46
DA:118,46
DA:139,118
DA:140,72
DA:152,72
DA:153,72
DA:154,72
DA:168,72
DA:173,72
DA:185,118
DA:186,70
DA:189,70
DA:193,70
DA:235,48
DA:238,48
DA:241,48
DA:245,48
DA:275,118
DA:276,116
DA:277,45
DA:325,71
DA:326,23
DA:371,48
DA:372,25
DA:445,23
DA:517,118
DA:534,118
DA:544,118
LF:37
LH:37
BRDA:12,0,0,70
BRDA:12,0,1,48
BRDA:26,1,0,47
BRDA:26,1,1,23
BRDA:38,2,0,70
BRDA:38,2,1,0
BRDA:46,3,0,47
BRDA:46,3,1,23
BRDA:52,4,0,68
BRDA:52,4,1,2
BRDA:57,5,0,5
BRDA:57,5,1,65
BRDA:64,6,0,47
BRDA:64,6,1,23
BRDA:64,7,0,45
BRDA:64,7,1,2
BRDA:88,8,0,48
BRDA:88,8,1,0
BRDA:88,9,0,0
BRDA:88,9,1,48
BRDA:95,10,0,48
BRDA:95,10,1,0
BRDA:115,11,0,46
BRDA:115,11,1,72
BRDA:139,12,0,72
BRDA:139,12,1,46
BRDA:185,13,0,70
BRDA:185,13,1,48
BRDA:186,14,0,5
BRDA:186,14,1,65
BRDA:189,15,0,5
BRDA:189,15,1,65
BRDA:200,16,0,68
BRDA:200,16,1,2
BRDA:206,17,0,68
BRDA:206,17,1,2
BRDA:210,18,0,47
BRDA:210,18,1,23
BRDA:235,19,0,0
BRDA:235,19,1,48
BRDA:238,20,0,0
BRDA:238,20,1,48
BRDA:241,21,0,0
BRDA:241,21,1,48
BRDA:248,22,0,48
BRDA:248,22,1,0
BRDA:251,23,0,48
BRDA:251,23,1,0
BRDA:255,24,0,25
BRDA:255,24,1,23
BRDA:275,25,0,116
BRDA:275,25,1,2
BRDA:276,26,0,45
BRDA:276,26,1,71
BRDA:276,27,0,116
BRDA:276,27,1,68
BRDA:325,28,0,23
BRDA:325,28,1,48
BRDA:325,29,0,71
BRDA:325,29,1,23
BRDA:371,30,0,25
BRDA:371,30,1,23
BRDA:371,31,0,48
BRDA:371,31,1,48
BRF:64
BRH:55
end_of_record
TN:
SF:src/generators/bot.ts
FN:5,generateBot
FNF:1
FNH:1
FNDA:51,generateBot
DA:6,51
DA:7,51
DA:9,51
DA:35,51
DA:48,51
DA:80,51
LF:6
LH:6
BRF:0
BRH:0
end_of_record
TN:
SF:src/generators/ci.ts
FN:5,generateCI
FNF:1
FNH:1
FNDA:104,generateCI
DA:6,104
DA:7,104
DA:9,104
LF:3
LH:3
BRF:0
BRH:0
end_of_record
TN:
SF:src/generators/docker.ts
FN:5,generateDocker
FNF:1
FNH:1
FNDA:103,generateDocker
DA:6,103
DA:60,103
DA:61,51
DA:74,103
LF:4
LH:4
BRDA:60,0,0,51
BRDA:60,0,1,52
BRF:2
BRH:2
end_of_record
TN:
SF:src/generators/docs.ts
FN:5,generateDocs
FNF:1
FNH:1
FNDA:110,generateDocs
DA:6,110
DA:9,110
DA:10,110
DA:12,110
DA:53,110
DA:55,110
DA:71,110
DA:74,110
DA:75,110
DA:77,110
DA:78,110
DA:119,110
DA:121,110
DA:151,110
DA:153,110
DA:164,110
DA:167,110
DA:222,110
DA:225,110
DA:226,110
DA:228,110
DA:241,110
DA:243,110
DA:257,110
DA:260,110
DA:261,110
DA:263,110
DA:279,110
DA:294,110
DA:311,110
DA:312,110
DA:314,110
DA:331,110
DA:347,110
DA:348,110
DA:350,110
DA:372,110
DA:381,110
DA:383,110
DA:396,110
DA:398,110
LF:41
LH:41
BRF:0
BRH:0
end_of_record
TN:
SF:src/generators/monorepo.ts
FN:8,generateMonorepo
FNF:1
FNH:1
FNDA:104,generateMonorepo
DA:9,104
DA:10,104
DA:11,104
DA:12,104
DA:13,104
LF:5
LH:5
BRDA:11,0,0,51
BRDA:11,0,1,53
BRDA:12,1,0,103
BRDA:12,1,1,1
BRF:4
BRH:4
end_of_record
TN:
SF:src/generators/packageJson.ts
FN:5,generatePackageJson
FN:48,(anonymous_1)
FNF:2
FNH:2
FNDA:114,generatePackageJson
FNDA:281,(anonymous_1)
DA:6,114
DA:9,114
DA:43,114
DA:44,114
DA:45,114
DA:48,281
DA:60,114
DA:79,114
DA:97,114
DA:122,114
DA:140,114
DA:154,114
DA:155,114
DA:156,114
DA:175,114
DA:176,114
DA:177,114
DA:178,114
DA:190,114
DA:191,114
DA:208,114
DA:209,114
DA:215,114
DA:277,114
LF:24
LH:24
BRDA:44,0,0,53
BRDA:44,0,1,61
BRDA:175,1,0,114
BRDA:175,1,1,0
BRDA:176,2,0,5
BRDA:176,2,1,109
BRDA:177,3,0,5
BRDA:177,3,1,109
BRDA:185,4,0,53
BRDA:185,4,1,61
BRDA:200,5,0,53
BRDA:200,5,1,61
BRDA:201,6,0,113
BRDA:201,6,1,1
BRDA:203,7,0,53
BRDA:203,7,1,61
BRDA:209,8,0,114
BRDA:209,8,1,0
BRDA:231,9,0,69
BRDA:231,9,1,45
BRDA:232,10,0,70
BRDA:232,10,1,44
BRDA:236,11,0,53
BRDA:236,11,1,61
BRDA:236,12,0,113
BRDA:236,12,1,1
BRDA:246,13,0,53
BRDA:246,13,1,61
BRF:28
BRH:26
end_of_record
TN:
SF:src/generators/web.ts
FN:5,generateWeb
FNF:1
FNH:1
FNDA:115,generateWeb
DA:6,115
DA:7,115
DA:9,115
DA:10,114
DA:12,115
DA:14,115
DA:15,115
DA:18,115
DA:22,115
DA:58,115
DA:59,114
DA:70,115
DA:87,115
DA:90,115
DA:94,115
DA:115,115
DA:116,115
DA:118,115
DA:155,115
DA:170,115
DA:174,115
DA:186,115
DA:200,115
DA:213,115
DA:225,115
DA:253,115
DA:269,115
LF:27
LH:27
BRDA:9,0,0,114
BRDA:9,0,1,1
BRDA:14,1,0,113
BRDA:14,1,1,2
BRDA:15,2,0,5
BRDA:15,2,1,110
BRDA:18,3,0,114
BRDA:18,3,1,1
BRDA:58,4,0,114
BRDA:58,4,1,1
BRDA:87,5,0,5
BRDA:87,5,1,110
BRDA:90,6,0,5
BRDA:90,6,1,110
BRDA:100,7,0,114
BRDA:100,7,1,1
BRDA:115,8,0,5
BRDA:115,8,1,110
BRDA:116,9,0,5
BRDA:116,9,1,110
BRDA:136,10,0,114
BRDA:136,10,1,1
BRDA:137,11,0,114
BRDA:137,11,1,1
BRDA:138,12,0,114
BRDA:138,12,1,1
BRDA:141,13,0,114
BRDA:141,13,1,1
BRDA:150,14,0,114
BRDA:150,14,1,1
BRDA:170,15,0,114
BRDA:170,15,1,1
BRDA:177,16,0,114
BRDA:177,16,1,1
BRF:34
BRH:34
end_of_record
TN:
SF:src/types/project.ts
FNF:0
FNH:0
LF:0
LH:0
BRF:0
BRH:0
end_of_record
TN:
SF:src/utils/fileSystem.ts
FN:3,isDirectoryEmpty
FN:6,(anonymous_1)
FNF:2
FNH:2
FNDA:13,isDirectoryEmpty
FNDA:3,(anonymous_1)
DA:4,13
DA:5,13
DA:6,13
DA:7,13
DA:9,1
LF:5
LH:5
BRDA:6,0,0,3
BRDA:6,0,1,2
BRF:2
BRH:2
end_of_record
